library/build/intermediates/manifest_merge_blame_file/release/manifest-merger-blame-release-report.txt
1<?xml version="1.0" encoding="utf-8"?>
2<!--
3  ~ MIT License
4  ~
5  ~ Copyright (c) 2018 Karn Saheb
6  ~
7  ~ Permission is hereby granted, free of charge, to any person obtaining a copy
8  ~ of this software and associated documentation files (the "Software"), to deal
9  ~ in the Software without restriction, including without limitation the rights
10  ~ to use, copy, modify, merge, publish, distribute, sublicense, and/or sell
11  ~ copies of the Software, and to permit persons to whom the Software is
12  ~ furnished to do so, subject to the following conditions:
13  ~
14  ~ The above copyright notice and this permission notice shall be included in all
15  ~ copies or substantial portions of the Software.
16  ~
17  ~ THE SOFTWARE IS PROVIDED "AS IS", WITHOUT WARRANTY OF ANY KIND, EXPRESS OR
18  ~ IMPLIED, INCLUDING BUT NOT LIMITED TO THE WARRANTIES OF MERCHANTABILITY,
19  ~ FITNESS FOR A PARTICULAR PURPOSE AND NONINFRINGEMENT. IN NO EVENT SHALL THE
20  ~ AUTHORS OR COPYRIGHT HOLDERS BE LIABLE FOR ANY CLAIM, DAMAGES OR OTHER
21  ~ LIABILITY, WHETHER IN AN ACTION OF CONTRACT, TORT OR OTHERWISE, ARISING FROM,
22  ~ OUT OF OR IN CONNECTION WITH THE SOFTWARE OR THE USE OR OTHER DEALINGS IN THE
23  ~ SOFTWARE.
24-->
25<manifest xmlns:android="http://schemas.android.com/apk/res/android"
26    package="io.karn.notify"
27    android:versionCode="12"
28    android:versionName="1.3.0" >
29
30    <uses-sdk
31        android:minSdkVersion="19"
31-->src/main/AndroidManifest.xml
32        android:targetSdkVersion="29" />
32-->src/main/AndroidManifest.xml
33
34    <application />
34-->src/main/AndroidManifest.xml:28:5-20
35
36</manifest>